github.com/selabhvl/mbtcpn/goTPC/coordinator.go:22:	NewCoordinator		100.0%
github.com/selabhvl/mbtcpn/goTPC/coordinator.go:35:	Start			93.5%
github.com/selabhvl/mbtcpn/goTPC/coordinator.go:91:	SendFinalDecision	100.0%
github.com/selabhvl/mbtcpn/goTPC/coordinator.go:96:	SendCanCommit		100.0%
github.com/selabhvl/mbtcpn/goTPC/coordinator.go:101:	SendDecision		100.0%
github.com/selabhvl/mbtcpn/goTPC/coordinator.go:106:	DeliverVote		100.0%
github.com/selabhvl/mbtcpn/goTPC/coordinator.go:111:	DeliverACK		100.0%
github.com/selabhvl/mbtcpn/goTPC/coordinator.go:116:	CollectVotes		100.0%
github.com/selabhvl/mbtcpn/goTPC/defs.go:56:		String			100.0%
github.com/selabhvl/mbtcpn/goTPC/defs.go:61:		String			100.0%
github.com/selabhvl/mbtcpn/goTPC/defs.go:66:		String			100.0%
github.com/selabhvl/mbtcpn/goTPC/defs.go:71:		String			100.0%
github.com/selabhvl/mbtcpn/goTPC/defs.go:76:		String			100.0%
github.com/selabhvl/mbtcpn/goTPC/defs.go:81:		String			100.0%
github.com/selabhvl/mbtcpn/goTPC/defs.go:117:		GetWorkID		100.0%
github.com/selabhvl/mbtcpn/goTPC/defs.go:122:		GetWorkID		100.0%
github.com/selabhvl/mbtcpn/goTPC/defs.go:132:		GetWorkID		100.0%
github.com/selabhvl/mbtcpn/goTPC/defs.go:137:		GetWorkID		100.0%
github.com/selabhvl/mbtcpn/goTPC/defs.go:142:		GetVote			100.0%
github.com/selabhvl/mbtcpn/goTPC/defs.go:147:		GetWorkID		100.0%
github.com/selabhvl/mbtcpn/goTPC/defs.go:152:		GetDecision		100.0%
github.com/selabhvl/mbtcpn/goTPC/defs.go:157:		Search			90.0%
github.com/selabhvl/mbtcpn/goTPC/reader.go:26:		ParseXMLTestCase	75.0%
total:							(statements)		93.8%
